0 info it worked if it ends with ok
1 verbose cli [ '/Users/richard.vancamp/.nvm/versions/node/v6.5.0/bin/node',
1 verbose cli   '/Users/richard.vancamp/.nvm/versions/node/v6.5.0/bin/npm',
1 verbose cli   'start' ]
2 info using npm@3.10.3
3 info using node@v6.5.0
4 verbose run-script [ 'prestart', 'start', 'poststart' ]
5 info lifecycle elm-journey@1.0.0~prestart: elm-journey@1.0.0
6 verbose lifecycle elm-journey@1.0.0~prestart: unsafe-perm in lifecycle true
7 verbose lifecycle elm-journey@1.0.0~prestart: PATH: /Users/richard.vancamp/.nvm/versions/node/v6.5.0/lib/node_modules/npm/bin/node-gyp-bin:/Users/richard.vancamp/WebstormProjects/elm-journey/node_modules/.bin:/Users/richard.vancamp/.nvm/versions/node/v6.5.0/bin:/Users/richard.vancamp/.nvm/versions/node/v6.5.0/bin:/usr/local/bin:/usr/bin:/bin:/usr/sbin:/sbin
8 verbose lifecycle elm-journey@1.0.0~prestart: CWD: /Users/richard.vancamp/WebstormProjects/elm-journey
9 silly lifecycle elm-journey@1.0.0~prestart: Args: [ '-c', 'rm -Rf dev && mkdir -p dev' ]
10 silly lifecycle elm-journey@1.0.0~prestart: Returned: code: 0  signal: null
11 info lifecycle elm-journey@1.0.0~start: elm-journey@1.0.0
12 verbose lifecycle elm-journey@1.0.0~start: unsafe-perm in lifecycle true
13 verbose lifecycle elm-journey@1.0.0~start: PATH: /Users/richard.vancamp/.nvm/versions/node/v6.5.0/lib/node_modules/npm/bin/node-gyp-bin:/Users/richard.vancamp/WebstormProjects/elm-journey/node_modules/.bin:/Users/richard.vancamp/.nvm/versions/node/v6.5.0/bin:/Users/richard.vancamp/.nvm/versions/node/v6.5.0/bin:/usr/local/bin:/usr/bin:/bin:/usr/sbin:/sbin
14 verbose lifecycle elm-journey@1.0.0~start: CWD: /Users/richard.vancamp/WebstormProjects/elm-journey
15 silly lifecycle elm-journey@1.0.0~start: Args: [ '-c', 'npm-run-all --parallel bundle serve html' ]
16 silly lifecycle elm-journey@1.0.0~start: Returned: code: 1  signal: null
17 info lifecycle elm-journey@1.0.0~start: Failed to exec start script
18 verbose stack Error: elm-journey@1.0.0 start: `npm-run-all --parallel bundle serve html`
18 verbose stack Exit status 1
18 verbose stack     at EventEmitter.<anonymous> (/Users/richard.vancamp/.nvm/versions/node/v6.5.0/lib/node_modules/npm/lib/utils/lifecycle.js:242:16)
18 verbose stack     at emitTwo (events.js:106:13)
18 verbose stack     at EventEmitter.emit (events.js:191:7)
18 verbose stack     at ChildProcess.<anonymous> (/Users/richard.vancamp/.nvm/versions/node/v6.5.0/lib/node_modules/npm/lib/utils/spawn.js:40:14)
18 verbose stack     at emitTwo (events.js:106:13)
18 verbose stack     at ChildProcess.emit (events.js:191:7)
18 verbose stack     at maybeClose (internal/child_process.js:877:16)
18 verbose stack     at Process.ChildProcess._handle.onexit (internal/child_process.js:226:5)
19 verbose pkgid elm-journey@1.0.0
20 verbose cwd /Users/richard.vancamp/WebstormProjects/elm-journey
21 error Darwin 16.4.0
22 error argv "/Users/richard.vancamp/.nvm/versions/node/v6.5.0/bin/node" "/Users/richard.vancamp/.nvm/versions/node/v6.5.0/bin/npm" "start"
23 error node v6.5.0
24 error npm  v3.10.3
25 error code ELIFECYCLE
26 error elm-journey@1.0.0 start: `npm-run-all --parallel bundle serve html`
26 error Exit status 1
27 error Failed at the elm-journey@1.0.0 start script 'npm-run-all --parallel bundle serve html'.
27 error Make sure you have the latest version of node.js and npm installed.
27 error If you do, this is most likely a problem with the elm-journey package,
27 error not with npm itself.
27 error Tell the author that this fails on your system:
27 error     npm-run-all --parallel bundle serve html
27 error You can get information on how to open an issue for this project with:
27 error     npm bugs elm-journey
27 error Or if that isn't available, you can get their info via:
27 error     npm owner ls elm-journey
27 error There is likely additional logging output above.
28 verbose exit [ 1, true ]
